<?xml version="1.0" encoding="UTF-8"?>
<!-- Generated by org.testng.reporters.JUnitReportReporter -->
<testsuite hostname="HP-Envy-X360" failures="0" tests="2" name="nTech.SeleniumFrameworkDesign.SubmitOrderTest" time="25.660" errors="0" timestamp="08 Jul 2023 18:12:15 GMT" skipped="0">
  <testcase classname="nTech.SeleniumFrameworkDesign.SubmitOrderTest" name="submitOrder" time="13.857"/>
  <testcase classname="nTech.SeleniumFrameworkDesign.SubmitOrderTest" name="submitOrder" time="11.803"/>
</testsuite> <!-- nTech.SeleniumFrameworkDesign.SubmitOrderTest -->
