<?xml version="1.0" encoding="UTF-8"?>
<!-- Generated by org.testng.reporters.JUnitReportReporter -->
<testsuite hostname="HP-Envy-X360" failures="0" tests="2" name="nTech.SeleniumFrameworkDesign.SubmitOrderTest" time="30.150" errors="0" timestamp="08 Jul 2023 18:20:31 GMT" skipped="0">
  <testcase classname="nTech.SeleniumFrameworkDesign.SubmitOrderTest" name="submitOrder" time="14.633"/>
  <testcase classname="nTech.SeleniumFrameworkDesign.SubmitOrderTest" name="submitOrder" time="15.517"/>
</testsuite> <!-- nTech.SeleniumFrameworkDesign.SubmitOrderTest -->
