<?xml version="1.0" encoding="UTF-8"?>
<!-- Generated by org.testng.reporters.JUnitReportReporter -->
<testsuite hostname="HP-Envy-X360" failures="0" tests="2" name="nTech.SeleniumFrameworkDesign.SubmitOrderTest" time="29.195" errors="0" timestamp="06 Jul 2023 14:22:56 GMT" skipped="0">
  <testcase classname="nTech.SeleniumFrameworkDesign.SubmitOrderTest" name="submitOrder" time="15.678"/>
  <testcase classname="nTech.SeleniumFrameworkDesign.SubmitOrderTest" name="submitOrder" time="13.517"/>
</testsuite> <!-- nTech.SeleniumFrameworkDesign.SubmitOrderTest -->
